<?xml version="1.0" encoding="UTF-8"?>
<!-- Generated by org.testng.reporters.JUnitReportReporter -->
<testsuite hostname="ShivBaba" failures="0" tests="3" name="testngdiscussion.Mock_Parallel_Bro" time="100.312" errors="0" timestamp="2022-12-18T11:29:18 IST" skipped="0">
  <testcase classname="testngdiscussion.Mock_Parallel_Bro" name="navToFacebook" time="0.002"/>
  <system-out/>
  <testcase classname="testngdiscussion.Mock_Parallel_Bro" name="navToAmazonUrl" time="86.479"/>
  <system-out/>
  <testcase classname="testngdiscussion.Mock_Parallel_Bro" name="navToGoogle" time="13.831"/>
  <system-out/>
</testsuite> <!-- testngdiscussion.Mock_Parallel_Bro -->
