<?xml version="1.0" encoding="UTF-8"?>
<!-- Generated by org.testng.reporters.JUnitReportReporter -->
<testsuite hostname="ShivBaba" failures="0" tests="2" name="testngdiscussion.ParameterizationTestcase" time="5.311" errors="0" timestamp="2022-12-18T21:59:36 IST" skipped="0">
  <testcase classname="testngdiscussion.ParameterizationTestcase" name="edgeTestCase" time="0.004"/>
  <system-out/>
  <testcase classname="testngdiscussion.ParameterizationTestcase" name="chromeTestCase" time="5.307"/>
  <system-out/>
</testsuite> <!-- testngdiscussion.ParameterizationTestcase -->
