<?xml version="1.0" encoding="UTF-8"?>
<!-- Generated by org.testng.reporters.JUnitReportReporter -->
<testsuite hostname="ShivBaba" failures="0" tests="2" name="testngdiscussion.ParellelClassExececution2" time="24.250" errors="0" timestamp="2022-12-16T16:04:02 IST" skipped="0">
  <testcase classname="testngdiscussion.ParellelClassExececution2" name="navToUrl" time="22.420"/>
  <system-out/>
  <testcase classname="testngdiscussion.ParellelClassExececution2" name="enterData" time="1.830"/>
  <system-out/>
</testsuite> <!-- testngdiscussion.ParellelClassExececution2 -->
