<?xml version="1.0" encoding="UTF-8"?>
<!-- Generated by org.testng.reporters.JUnitReportReporter -->
<testsuite hostname="ShivBaba" failures="0" tests="2" name="testngdiscussion.ParameterizationTestcase2" time="3.665" errors="0" timestamp="2022-12-18T22:15:29 IST" skipped="0">
  <testcase classname="testngdiscussion.ParameterizationTestcase2" name="edgeTestCase" time="0.003"/>
  <system-out/>
  <testcase classname="testngdiscussion.ParameterizationTestcase2" name="chromeTestCase" time="3.662"/>
  <system-out/>
</testsuite> <!-- testngdiscussion.ParameterizationTestcase2 -->
